#
# There is insufficient memory for the Java Runtime Environment to continue.
# Native memory allocation (malloc) failed to allocate 1724368 bytes for Chunk::new
# Possible reasons:
#   The system is out of physical RAM or swap space
#   In 32 bit mode, the process size limit was hit
# Possible solutions:
#   Reduce memory load on the system
#   Increase physical memory or swap space
#   Check if swap backing store is full
#   Use 64 bit Java on a 64 bit OS
#   Decrease Java heap size (-Xmx/-Xms)
#   Decrease number of Java threads
#   Decrease Java thread stack sizes (-Xss)
#   Set larger code cache with -XX:ReservedCodeCacheSize=
# This output file may be truncated or incomplete.
#
#  Out of Memory Error (allocation.cpp:390), pid=5816, tid=0x00000000000044a0
#
# JRE version: OpenJDK Runtime Environment (8.0_152-b02) (build 1.8.0_152-release-1024-b02)
# Java VM: OpenJDK 64-Bit Server VM (25.152-b02 mixed mode windows-amd64 compressed oops)
# Failed to write core dump. Minidumps are not enabled by default on client versions of Windows
#

---------------  T H R E A D  ---------------

Current thread (0x00000000186c9800):  JavaThread "C2 CompilerThread1" daemon [_thread_in_native, id=17568, stack(0x0000000019f20000,0x000000001a020000)]

Stack: [0x0000000019f20000,0x000000001a020000]
[error occurred during error reporting (printing stack bounds), id 0xc0000005]

Native frames: (J=compiled Java code, j=interpreted, Vv=VM code, C=native code)


Current CompileTask:
C2:  33851 10256       4       org.gradle.model.internal.type.ModelType::wrap (219 bytes)


---------------  P R O C E S S  ---------------

Java Threads: ( => current thread )
  0x000000001f8b8000 JavaThread "Task worker for ':' Thread 3" [_thread_blocked, id=17356, stack(0x0000000029ff0000,0x000000002a0f0000)]
  0x000000001f8bd000 JavaThread "Task worker for ':' Thread 2" [_thread_blocked, id=8032, stack(0x0000000029ef0000,0x0000000029ff0000)]
  0x000000001f8bc800 JavaThread "Task worker for ':'" [_thread_blocked, id=11280, stack(0x0000000029df0000,0x0000000029ef0000)]
  0x000000001f8ba000 JavaThread "Cache worker for Build Output Cleanup Cache (C:\Users\Khoa\Desktop\16HCB-LienThong\New folder\LTDD\ver1.0\AlbumPhoto\AlbumPhoto\.gradle\buildOutputCleanup)" [_thread_blocked, id=15016, stack(0x0000000029cf0000,0x0000000029df0000)]
  0x000000001f8bb800 JavaThread "Cache worker for task history cache (C:\Users\Khoa\Desktop\16HCB-LienThong\New folder\LTDD\ver1.0\AlbumPhoto\AlbumPhoto\.gradle\4.4\taskHistory)" [_thread_blocked, id=17208, stack(0x0000000029bf0000,0x0000000029cf0000)]
  0x000000001f8b9800 JavaThread "Cache worker for file content cache (C:\Users\Khoa\Desktop\16HCB-LienThong\New folder\LTDD\ver1.0\AlbumPhoto\AlbumPhoto\.gradle\4.4\fileContent)" [_thread_blocked, id=18404, stack(0x0000000029af0000,0x0000000029bf0000)]
  0x000000001f8bb000 JavaThread "build operations Thread 4" [_thread_blocked, id=11780, stack(0x00000000299f0000,0x0000000029af0000)]
  0x000000001f8bf800 JavaThread "build operations Thread 3" [_thread_blocked, id=15468, stack(0x00000000298f0000,0x00000000299f0000)]
  0x000000001f8be800 JavaThread "build operations Thread 2" [_thread_blocked, id=108, stack(0x00000000297f0000,0x00000000298f0000)]
  0x000000001f8b1000 JavaThread "build operations" [_thread_blocked, id=12792, stack(0x00000000296f0000,0x00000000297f0000)]
  0x0000000021218000 JavaThread "Cache worker for Artifact transforms cache (C:\Users\Khoa\.gradle\caches\transforms-1)" [_thread_blocked, id=15544, stack(0x00000000294f0000,0x00000000295f0000)]
  0x0000000021216800 JavaThread "Cache worker for file hash cache (C:\Users\Khoa\Desktop\16HCB-LienThong\New folder\LTDD\ver1.0\AlbumPhoto\AlbumPhoto\.gradle\4.4\fileHashes)" [_thread_blocked, id=7356, stack(0x00000000293f0000,0x00000000294f0000)]
  0x0000000021217800 JavaThread "Stdin handler" [_thread_blocked, id=5544, stack(0x00000000292f0000,0x00000000293f0000)]
  0x0000000021216000 JavaThread "Asynchronous log dispatcher for DefaultDaemonConnection: socket connection from /127.0.0.1:60841 to /127.0.0.1:60987" [_thread_blocked, id=9084, stack(0x00000000291f0000,0x00000000292f0000)]
  0x0000000021215000 JavaThread "Cancel handler" [_thread_blocked, id=13328, stack(0x00000000290f0000,0x00000000291f0000)]
  0x0000000021213800 JavaThread "Handler for socket connection from /127.0.0.1:60841 to /127.0.0.1:60987" [_thread_in_native, id=11100, stack(0x0000000028ff0000,0x00000000290f0000)]
  0x0000000021213000 JavaThread "ForkJoinPool.commonPool-worker-1" daemon [_thread_blocked, id=16852, stack(0x0000000028ef0000,0x0000000028ff0000)]
  0x000000001f34f800 JavaThread "pool-2-thread-1" [_thread_blocked, id=11148, stack(0x00000000273f0000,0x00000000274f0000)]
  0x000000001f8b2000 JavaThread "Memory manager" [_thread_blocked, id=11612, stack(0x0000000024410000,0x0000000024510000)]
  0x000000001f8b5000 JavaThread "pool-1-thread-1" [_thread_blocked, id=15628, stack(0x0000000023c40000,0x0000000023d40000)]
  0x000000001b9c0800 JavaThread "File lock request listener" [_thread_in_native, id=4624, stack(0x000000001d510000,0x000000001d610000)]
  0x000000001ba0d000 JavaThread "Cache worker for file hash cache (C:\Users\Khoa\.gradle\caches\4.4\fileHashes)" [_thread_blocked, id=6980, stack(0x000000001d410000,0x000000001d510000)]
  0x000000001a41b000 JavaThread "Daemon worker" [_thread_in_Java, id=17912, stack(0x000000001cf10000,0x000000001d010000)]
  0x000000001b74c800 JavaThread "Daemon" [_thread_blocked, id=15404, stack(0x000000001ca10000,0x000000001cb10000)]
  0x000000001b6e9800 JavaThread "Daemon periodic checks" [_thread_blocked, id=9636, stack(0x000000001c910000,0x000000001ca10000)]
  0x000000001b860000 JavaThread "Incoming local TCP Connector on port 60841" [_thread_in_native, id=2500, stack(0x000000001c430000,0x000000001c530000)]
  0x000000001a142800 JavaThread "Service Thread" daemon [_thread_blocked, id=13584, stack(0x000000001a520000,0x000000001a620000)]
  0x00000000186d2000 JavaThread "C1 CompilerThread2" daemon [_thread_blocked, id=2916, stack(0x000000001a020000,0x000000001a120000)]
=>0x00000000186c9800 JavaThread "C2 CompilerThread1" daemon [_thread_in_native, id=17568, stack(0x0000000019f20000,0x000000001a020000)]
  0x00000000186d9000 JavaThread "C2 CompilerThread0" daemon [_thread_blocked, id=8980, stack(0x0000000019e20000,0x0000000019f20000)]
  0x00000000186d7000 JavaThread "Attach Listener" daemon [_thread_blocked, id=6748, stack(0x0000000019d20000,0x0000000019e20000)]
  0x00000000186d6000 JavaThread "Signal Dispatcher" daemon [_thread_blocked, id=13636, stack(0x0000000019c20000,0x0000000019d20000)]
  0x00000000186be000 JavaThread "Finalizer" daemon [_thread_blocked, id=5468, stack(0x0000000019930000,0x0000000019a30000)]
  0x0000000004d53000 JavaThread "Reference Handler" daemon [_thread_blocked, id=14888, stack(0x0000000019830000,0x0000000019930000)]
  0x0000000004a9e000 JavaThread "main" [_thread_blocked, id=5140, stack(0x0000000004b60000,0x0000000004c60000)]

Other Threads:
  0x0000000018695800 VMThread [stack: 0x0000000019730000,0x0000000019830000] [id=11084]
  0x000000001a145000 WatcherThread [stack: 0x000000001a620000,0x000000001a720000] [id=2140]

VM state:not at safepoint (normal execution)

VM Mutex/Monitor currently owned by a thread: None

Heap:
 PSYoungGen      total 260096K, used 86250K [0x00000000e0000000, 0x00000000f1d80000, 0x0000000100000000)
  eden space 233984K, 27% used [0x00000000e0000000,0x00000000e3fdaa28,0x00000000ee480000)
  from space 26112K, 79% used [0x00000000f0400000,0x00000000f185fff0,0x00000000f1d80000)
  to   space 29184K, 0% used [0x00000000ee480000,0x00000000ee480000,0x00000000f0100000)
 ParOldGen       total 156160K, used 45542K [0x00000000a0000000, 0x00000000a9880000, 0x00000000e0000000)
  object space 156160K, 29% used [0x00000000a0000000,0x00000000a2c79a88,0x00000000a9880000)
 Metaspace       used 77571K, capacity 80963K, committed 81300K, reserved 1120256K
  class space    used 10269K, capacity 11057K, committed 11156K, reserved 1048576K

Card table byte_map: [0x0000000014120000,0x0000000014430000] byte_map_base: 0x0000000013c20000

Marking Bits: (ParMarkBitMap*) 0x0000000076764970
 Begin Bits: [0x0000000014a30000, 0x0000000016230000)
 End Bits:   [0x0000000016230000, 0x0000000017a30000)

Polling page: 0x0000000002de0000

CodeCache: size=245760Kb used=29985Kb max_used=29994Kb free=215774Kb
 bounds [0x0000000004d60000, 0x0000000006ae0000, 0x0000000013d60000]
 total_blobs=9584 nmethods=8801 adapters=695
 compilation: enabled

Compilation events (10 events):
Event: 33.682 Thread 0x00000000186d2000 nmethod 10422 0x0000000006ac6b90 code [0x0000000006ac6d00, 0x0000000006ac6ef0]
Event: 33.775 Thread 0x00000000186d9000 nmethod 10420 0x0000000006acbf50 code [0x0000000006acc3c0, 0x0000000006ace648]
Event: 33.799 Thread 0x00000000186d9000 10423       4       com.sun.org.apache.xerces.internal.dom.DeferredDocumentImpl::getNodeValueString (417 bytes)
Event: 33.819 Thread 0x00000000186d9000 nmethod 10423 0x0000000006ad1b50 code [0x0000000006ad1d80, 0x0000000006ad2930]
Event: 33.821 Thread 0x00000000186d2000 10424       1       org.gradle.internal.component.model.DefaultComponentOverrideMetadata::isChanging (5 bytes)
Event: 33.821 Thread 0x00000000186d2000 nmethod 10424 0x0000000006acbc90 code [0x0000000006acbde0, 0x0000000006acbef0]
Event: 33.821 Thread 0x00000000186d2000 10425       1       org.gradle.internal.hash.HashValue::asBigInteger (5 bytes)
Event: 33.821 Thread 0x00000000186d2000 nmethod 10425 0x0000000006acb9d0 code [0x0000000006acbb20, 0x0000000006acbc30]
Event: 33.823 Thread 0x00000000186d2000 10426       3       org.gradle.internal.resource.local.LocalFileStandInExternalResource::getMetaData (55 bytes)
Event: 33.824 Thread 0x00000000186d2000 nmethod 10426 0x0000000006acab90 code [0x0000000006acad80, 0x0000000006acb568]

GC Heap History (10 events):
Event: 12.170 GC heap before
{Heap before GC invocations=11 (full 2):
 PSYoungGen      total 175616K, used 175615K [0x00000000e0000000, 0x00000000ed300000, 0x0000000100000000)
  eden space 162304K, 100% used [0x00000000e0000000,0x00000000e9e80000,0x00000000e9e80000)
  from space 13312K, 99% used [0x00000000ead80000,0x00000000eba7fef8,0x00000000eba80000)
  to   space 15360K, 0% used [0x00000000e9e80000,0x00000000e9e80000,0x00000000ead80000)
 ParOldGen       total 99840K, used 22007K [0x00000000a0000000, 0x00000000a6180000, 0x00000000e0000000)
  object space 99840K, 22% used [0x00000000a0000000,0x00000000a157de38,0x00000000a6180000)
 Metaspace       used 53684K, capacity 55510K, committed 55808K, reserved 1097728K
  class space    used 7436K, capacity 7876K, committed 7936K, reserved 1048576K
Event: 12.224 GC heap after
Heap after GC invocations=11 (full 2):
 PSYoungGen      total 177664K, used 15342K [0x00000000e0000000, 0x00000000ef100000, 0x0000000100000000)
  eden space 162304K, 0% used [0x00000000e0000000,0x00000000e0000000,0x00000000e9e80000)
  from space 15360K, 99% used [0x00000000e9e80000,0x00000000ead7bbe8,0x00000000ead80000)
  to   space 20992K, 0% used [0x00000000edc80000,0x00000000edc80000,0x00000000ef100000)
 ParOldGen       total 99840K, used 30439K [0x00000000a0000000, 0x00000000a6180000, 0x00000000e0000000)
  object space 99840K, 30% used [0x00000000a0000000,0x00000000a1db9f08,0x00000000a6180000)
 Metaspace       used 53684K, capacity 55510K, committed 55808K, reserved 1097728K
  class space    used 7436K, capacity 7876K, committed 7936K, reserved 1048576K
}
Event: 14.643 GC heap before
{Heap before GC invocations=12 (full 2):
 PSYoungGen      total 177664K, used 141444K [0x00000000e0000000, 0x00000000ef100000, 0x0000000100000000)
  eden space 162304K, 77% used [0x00000000e0000000,0x00000000e7b25788,0x00000000e9e80000)
  from space 15360K, 99% used [0x00000000e9e80000,0x00000000ead7bbe8,0x00000000ead80000)
  to   space 20992K, 0% used [0x00000000edc80000,0x00000000edc80000,0x00000000ef100000)
 ParOldGen       total 99840K, used 30439K [0x00000000a0000000, 0x00000000a6180000, 0x00000000e0000000)
  object space 99840K, 30% used [0x00000000a0000000,0x00000000a1db9f08,0x00000000a6180000)
 Metaspace       used 56949K, capacity 58935K, committed 59028K, reserved 1099776K
  class space    used 7825K, capacity 8340K, committed 8340K, reserved 1048576K
Event: 14.687 GC heap after
Heap after GC invocations=12 (full 2):
 PSYoungGen      total 220160K, used 20965K [0x00000000e0000000, 0x00000000efd00000, 0x0000000100000000)
  eden space 199168K, 0% used [0x00000000e0000000,0x00000000e0000000,0x00000000ec280000)
  from space 20992K, 99% used [0x00000000edc80000,0x00000000ef0f96e0,0x00000000ef100000)
  to   space 26624K, 0% used [0x00000000ec280000,0x00000000ec280000,0x00000000edc80000)
 ParOldGen       total 99840K, used 37538K [0x00000000a0000000, 0x00000000a6180000, 0x00000000e0000000)
  object space 99840K, 37% used [0x00000000a0000000,0x00000000a24a8818,0x00000000a6180000)
 Metaspace       used 56949K, capacity 58935K, committed 59028K, reserved 1099776K
  class space    used 7825K, capacity 8340K, committed 8340K, reserved 1048576K
}
Event: 14.687 GC heap before
{Heap before GC invocations=13 (full 3):
 PSYoungGen      total 220160K, used 20965K [0x00000000e0000000, 0x00000000efd00000, 0x0000000100000000)
  eden space 199168K, 0% used [0x00000000e0000000,0x00000000e0000000,0x00000000ec280000)
  from space 20992K, 99% used [0x00000000edc80000,0x00000000ef0f96e0,0x00000000ef100000)
  to   space 26624K, 0% used [0x00000000ec280000,0x00000000ec280000,0x00000000edc80000)
 ParOldGen       total 99840K, used 37538K [0x00000000a0000000, 0x00000000a6180000, 0x00000000e0000000)
  object space 99840K, 37% used [0x00000000a0000000,0x00000000a24a8818,0x00000000a6180000)
 Metaspace       used 56949K, capacity 58935K, committed 59028K, reserved 1099776K
  class space    used 7825K, capacity 8340K, committed 8340K, reserved 1048576K
Event: 14.987 GC heap after
Heap after GC invocations=13 (full 3):
 PSYoungGen      total 220160K, used 0K [0x00000000e0000000, 0x00000000efd00000, 0x0000000100000000)
  eden space 199168K, 0% used [0x00000000e0000000,0x00000000e0000000,0x00000000ec280000)
  from space 20992K, 0% used [0x00000000edc80000,0x00000000edc80000,0x00000000ef100000)
  to   space 26624K, 0% used [0x00000000ec280000,0x00000000ec280000,0x00000000edc80000)
 ParOldGen       total 156160K, used 45526K [0x00000000a0000000, 0x00000000a9880000, 0x00000000e0000000)
  object space 156160K, 29% used [0x00000000a0000000,0x00000000a2c75a88,0x00000000a9880000)
 Metaspace       used 56949K, capacity 58935K, committed 59028K, reserved 1099776K
  class space    used 7825K, capacity 8340K, committed 8340K, reserved 1048576K
}
Event: 22.578 GC heap before
{Heap before GC invocations=14 (full 3):
 PSYoungGen      total 220160K, used 199168K [0x00000000e0000000, 0x00000000efd00000, 0x0000000100000000)
  eden space 199168K, 100% used [0x00000000e0000000,0x00000000ec280000,0x00000000ec280000)
  from space 20992K, 0% used [0x00000000edc80000,0x00000000edc80000,0x00000000ef100000)
  to   space 26624K, 0% used [0x00000000ec280000,0x00000000ec280000,0x00000000edc80000)
 ParOldGen       total 156160K, used 45526K [0x00000000a0000000, 0x00000000a9880000, 0x00000000e0000000)
  object space 156160K, 29% used [0x00000000a0000000,0x00000000a2c75a88,0x00000000a9880000)
 Metaspace       used 68004K, capacity 70443K, committed 70804K, reserved 1110016K
  class space    used 9127K, capacity 9777K, committed 9876K, reserved 1048576K
Event: 22.608 GC heap after
Heap after GC invocations=14 (full 3):
 PSYoungGen      total 225792K, used 18332K [0x00000000e0000000, 0x00000000f1f00000, 0x0000000100000000)
  eden space 199168K, 0% used [0x00000000e0000000,0x00000000e0000000,0x00000000ec280000)
  from space 26624K, 68% used [0x00000000ec280000,0x00000000ed467208,0x00000000edc80000)
  to   space 27648K, 0% used [0x00000000f0400000,0x00000000f0400000,0x00000000f1f00000)
 ParOldGen       total 156160K, used 45534K [0x00000000a0000000, 0x00000000a9880000, 0x00000000e0000000)
  object space 156160K, 29% used [0x00000000a0000000,0x00000000a2c77a88,0x00000000a9880000)
 Metaspace       used 68004K, capacity 70443K, committed 70804K, reserved 1110016K
  class space    used 9127K, capacity 9777K, committed 9876K, reserved 1048576K
}
Event: 31.897 GC heap before
{Heap before GC invocations=15 (full 3):
 PSYoungGen      total 225792K, used 217500K [0x00000000e0000000, 0x00000000f1f00000, 0x0000000100000000)
  eden space 199168K, 100% used [0x00000000e0000000,0x00000000ec280000,0x00000000ec280000)
  from space 26624K, 68% used [0x00000000ec280000,0x00000000ed467208,0x00000000edc80000)
  to   space 27648K, 0% used [0x00000000f0400000,0x00000000f0400000,0x00000000f1f00000)
 ParOldGen       total 156160K, used 45534K [0x00000000a0000000, 0x00000000a9880000, 0x00000000e0000000)
  object space 156160K, 29% used [0x00000000a0000000,0x00000000a2c77a88,0x00000000a9880000)
 Metaspace       used 76923K, capacity 80195K, committed 80404K, reserved 1118208K
  class space    used 10189K, capacity 10999K, committed 11028K, reserved 1048576K
Event: 31.931 GC heap after
Heap after GC invocations=15 (full 3):
 PSYoungGen      total 260096K, used 20863K [0x00000000e0000000, 0x00000000f1d80000, 0x0000000100000000)
  eden space 233984K, 0% used [0x00000000e0000000,0x00000000e0000000,0x00000000ee480000)
  from space 26112K, 79% used [0x00000000f0400000,0x00000000f185fff0,0x00000000f1d80000)
  to   space 29184K, 0% used [0x00000000ee480000,0x00000000ee480000,0x00000000f0100000)
 ParOldGen       total 156160K, used 45542K [0x00000000a0000000, 0x00000000a9880000, 0x00000000e0000000)
  object space 156160K, 29% used [0x00000000a0000000,0x00000000a2c79a88,0x00000000a9880000)
 Metaspace       used 76923K, capacity 80195K, committed 80404K, reserved 1118208K
  class space    used 10189K, capacity 10999K, committed 11028K, reserved 1048576K
}

Deoptimization events (10 events):
Event: 33.653 Thread 0x000000001a41b000 Uncommon trap: reason=class_check action=maybe_recompile pc=0x0000000004f8c09c method=com.sun.org.apache.xerces.internal.impl.XMLDocumentFragmentScannerImpl.scanStartElement()Z @ 378
Event: 33.653 Thread 0x000000001a41b000 Uncommon trap: reason=null_check action=make_not_entrant pc=0x0000000006549adc method=com.sun.org.apache.xerces.internal.dom.ElementImpl.getDefaultAttributes()Lcom/sun/org/apache/xerces/internal/dom/NamedNodeMapImpl; @ 7
Event: 33.653 Thread 0x000000001a41b000 Uncommon trap: reason=class_check action=maybe_recompile pc=0x0000000005950c00 method=com.sun.org.apache.xerces.internal.dom.NamedNodeMapImpl.getNamedItem(Ljava/lang/String;)Lorg/w3c/dom/Node; @ 25
Event: 33.653 Thread 0x000000001a41b000 Uncommon trap: reason=unstable_if action=reinterpret pc=0x0000000005c8fb38 method=com.sun.org.apache.xerces.internal.dom.DeferredDocumentImpl.getPrevSibling(IZ)I @ 2
Event: 33.653 Thread 0x000000001a41b000 Uncommon trap: reason=class_check action=maybe_recompile pc=0x0000000005950c00 method=com.sun.org.apache.xerces.internal.dom.NamedNodeMapImpl.getNamedItem(Ljava/lang/String;)Lorg/w3c/dom/Node; @ 25
Event: 33.653 Thread 0x000000001a41b000 Uncommon trap: reason=unstable_if action=reinterpret pc=0x00000000055756ec method=com.sun.org.apache.xerces.internal.dom.DeferredDocumentImpl.getPrevSibling(IZ)I @ 2
Event: 33.653 Thread 0x000000001a41b000 Uncommon trap: reason=class_check action=maybe_recompile pc=0x0000000005950c00 method=com.sun.org.apache.xerces.internal.dom.NamedNodeMapImpl.getNamedItem(Ljava/lang/String;)Lorg/w3c/dom/Node; @ 25
Event: 33.653 Thread 0x000000001a41b000 Uncommon trap: reason=class_check action=maybe_recompile pc=0x0000000005950c00 method=com.sun.org.apache.xerces.internal.dom.NamedNodeMapImpl.getNamedItem(Ljava/lang/String;)Lorg/w3c/dom/Node; @ 25
Event: 33.668 Thread 0x000000001a41b000 Uncommon trap: reason=class_check action=maybe_recompile pc=0x0000000006515e7c method=com.sun.org.apache.xerces.internal.impl.dtd.XMLDTDValidator.startElement(Lcom/sun/org/apache/xerces/internal/xni/QName;Lcom/sun/org/apache/xerces/internal/xni/XMLAttribu
Event: 33.676 Thread 0x000000001a41b000 Uncommon trap: reason=class_check action=maybe_recompile pc=0x0000000006515e7c method=com.sun.org.apache.xerces.internal.impl.dtd.XMLDTDValidator.startElement(Lcom/sun/org/apache/xerces/internal/xni/QName;Lcom/sun/org/apache/xerces/internal/xni/XMLAttribu

Classes redefined (0 events):
No events

Internal exceptions (10 events):
Event: 31.138 Thread 0x000000001a41b000 Exception <a 'java/lang/NoSuchMethodError': <clinit>> (0x00000000e9d4f6b8) thrown at [D:\src\AOSP-openjdk-cygwin\jdk8u\hotspot\src\share\vm\prims\jni.cpp, line 1613]
Event: 31.151 Thread 0x000000001a41b000 Exception <a 'java/lang/NoSuchMethodError': <clinit>> (0x00000000e9dbac20) thrown at [D:\src\AOSP-openjdk-cygwin\jdk8u\hotspot\src\share\vm\prims\jni.cpp, line 1613]
Event: 31.151 Thread 0x000000001a41b000 Exception <a 'java/lang/NoSuchMethodError': <clinit>> (0x00000000e9dbe878) thrown at [D:\src\AOSP-openjdk-cygwin\jdk8u\hotspot\src\share\vm\prims\jni.cpp, line 1613]
Event: 31.152 Thread 0x000000001a41b000 Exception <a 'java/lang/NoSuchMethodError': <clinit>> (0x00000000e9dc0380) thrown at [D:\src\AOSP-openjdk-cygwin\jdk8u\hotspot\src\share\vm\prims\jni.cpp, line 1613]
Event: 31.343 Thread 0x000000001a41b000 Exception <a 'java/lang/ClassNotFoundException': sync_local_repo236_x5u0ariua31tl7bo5cdad5i6BeanInfo> (0x00000000ea4fbe98) thrown at [D:\src\AOSP-openjdk-cygwin\jdk8u\hotspot\src\share\vm\classfile\systemDictionary.cpp, line 210]
Event: 31.344 Thread 0x000000001a41b000 Exception <a 'java/lang/ClassNotFoundException': sync_local_repo236_x5u0ariua31tl7bo5cdad5i6Customizer> (0x00000000ea5071d8) thrown at [D:\src\AOSP-openjdk-cygwin\jdk8u\hotspot\src\share\vm\classfile\systemDictionary.cpp, line 210]
Event: 33.183 Thread 0x000000001a41b000 Exception <a 'sun/nio/fs/WindowsException'> (0x00000000e2c38650) thrown at [D:\src\AOSP-openjdk-cygwin\jdk8u\hotspot\src\share\vm\prims\jni.cpp, line 709]
Event: 33.204 Thread 0x000000001a41b000 Exception <a 'sun/nio/fs/WindowsException'> (0x00000000e2c7f640) thrown at [D:\src\AOSP-openjdk-cygwin\jdk8u\hotspot\src\share\vm\prims\jni.cpp, line 709]
Event: 33.588 Thread 0x000000001a41b000 Implicit null exception at 0x00000000052e04e7 to 0x00000000052e062d
Event: 33.653 Thread 0x000000001a41b000 Implicit null exception at 0x000000000654858c to 0x0000000006549acd

Events (10 events):
Event: 33.653 Thread 0x000000001a41b000 DEOPT PACKING pc=0x0000000005950c00 sp=0x000000001d00adb0
Event: 33.653 Thread 0x000000001a41b000 DEOPT UNPACKING pc=0x0000000004da557b sp=0x000000001d00ad90 mode 2
Event: 33.654 loading class com/android/build/gradle/internal/incremental/InstantRunBuildContext$Artifact
Event: 33.654 loading class com/android/build/gradle/internal/incremental/InstantRunBuildContext$Artifact done
Event: 33.668 Thread 0x000000001a41b000 Uncommon trap: trap_request=0xffffffde fr.pc=0x0000000006515e7c
Event: 33.668 Thread 0x000000001a41b000 DEOPT PACKING pc=0x0000000006515e7c sp=0x000000001d009dd0
Event: 33.668 Thread 0x000000001a41b000 DEOPT UNPACKING pc=0x0000000004da557b sp=0x000000001d009d70 mode 2
Event: 33.676 Thread 0x000000001a41b000 Uncommon trap: trap_request=0xffffffde fr.pc=0x0000000006515e7c
Event: 33.676 Thread 0x000000001a41b000 DEOPT PACKING pc=0x0000000006515e7c sp=0x000000001d009dd0
Event: 33.676 Thread 0x000000001a41b000 DEOPT UNPACKING pc=0x0000000004da557b sp=0x000000001d009d70 mode 2


Dynamic libraries:
0x00007ff77d800000 - 0x00007ff77d831000 	C:\Program Files\Android\Android Studio\jre\bin\java.exe
0x00007ff8f9dc0000 - 0x00007ff8f9fa0000 	C:\WINDOWS\SYSTEM32\ntdll.dll
0x00007ff8f9ce0000 - 0x00007ff8f9d8e000 	C:\WINDOWS\System32\KERNEL32.DLL
0x00007ff8f6cb0000 - 0x00007ff8f6f16000 	C:\WINDOWS\System32\KERNELBASE.dll
0x00007ff8f9870000 - 0x00007ff8f9911000 	C:\WINDOWS\System32\ADVAPI32.dll
0x00007ff8f87f0000 - 0x00007ff8f888d000 	C:\WINDOWS\System32\msvcrt.dll
0x00007ff8f8ea0000 - 0x00007ff8f8efb000 	C:\WINDOWS\System32\sechost.dll
0x00007ff8f9360000 - 0x00007ff8f947f000 	C:\WINDOWS\System32\RPCRT4.dll
0x00007ff8f95d0000 - 0x00007ff8f975f000 	C:\WINDOWS\System32\USER32.dll
0x00007ff8f61c0000 - 0x00007ff8f61e0000 	C:\WINDOWS\System32\win32u.dll
0x00007ff8f86d0000 - 0x00007ff8f86f8000 	C:\WINDOWS\System32\GDI32.dll
0x00007ff8f7070000 - 0x00007ff8f7203000 	C:\WINDOWS\System32\gdi32full.dll
0x00007ff8f6f20000 - 0x00007ff8f6fbb000 	C:\WINDOWS\System32\msvcp_win.dll
0x00007ff8f6990000 - 0x00007ff8f6a86000 	C:\WINDOWS\System32\ucrtbase.dll
0x00007ff8e7950000 - 0x00007ff8e7bb9000 	C:\WINDOWS\WinSxS\amd64_microsoft.windows.common-controls_6595b64144ccf1df_6.0.16299.248_none_15ced204935f55d7\COMCTL32.dll
0x00007ff8f99d0000 - 0x00007ff8f9cd8000 	C:\WINDOWS\System32\combase.dll
0x00007ff8f7210000 - 0x00007ff8f7282000 	C:\WINDOWS\System32\bcryptPrimitives.dll
0x00007ff8f99a0000 - 0x00007ff8f99cd000 	C:\WINDOWS\System32\IMM32.DLL
0x0000000074dc0000 - 0x0000000074e92000 	C:\Program Files\Android\Android Studio\jre\jre\bin\msvcr100.dll
0x0000000075fa0000 - 0x00000000767df000 	C:\Program Files\Android\Android Studio\jre\jre\bin\server\jvm.dll
0x00007ff8f9930000 - 0x00007ff8f9938000 	C:\WINDOWS\System32\PSAPI.DLL
0x00007ff8f2d70000 - 0x00007ff8f2d93000 	C:\WINDOWS\SYSTEM32\WINMM.dll
0x00007ff8f0a70000 - 0x00007ff8f0a79000 	C:\WINDOWS\SYSTEM32\WSOCK32.dll
0x00007ff8e89c0000 - 0x00007ff8e89ca000 	C:\WINDOWS\SYSTEM32\VERSION.dll
0x00007ff8f9070000 - 0x00007ff8f90dc000 	C:\WINDOWS\System32\WS2_32.dll
0x00007ff8f2d40000 - 0x00007ff8f2d6a000 	C:\WINDOWS\SYSTEM32\winmmbase.dll
0x00007ff8f6c60000 - 0x00007ff8f6caa000 	C:\WINDOWS\System32\cfgmgr32.dll
0x00007ff8f0a60000 - 0x00007ff8f0a6f000 	C:\Program Files\Android\Android Studio\jre\jre\bin\verify.dll
0x00007ff8e6fb0000 - 0x00007ff8e6fd9000 	C:\Program Files\Android\Android Studio\jre\jre\bin\java.dll
0x00007ff8f0a40000 - 0x00007ff8f0a56000 	C:\Program Files\Android\Android Studio\jre\jre\bin\zip.dll
0x00007ff8f7290000 - 0x00007ff8f86c6000 	C:\WINDOWS\System32\SHELL32.dll
0x00007ff8f91b0000 - 0x00007ff8f9256000 	C:\WINDOWS\System32\shcore.dll
0x00007ff8f6240000 - 0x00007ff8f6987000 	C:\WINDOWS\System32\windows.storage.dll
0x00007ff8f8700000 - 0x00007ff8f8751000 	C:\WINDOWS\System32\shlwapi.dll
0x00007ff8f6180000 - 0x00007ff8f6191000 	C:\WINDOWS\System32\kernel.appcore.dll
0x00007ff8f6130000 - 0x00007ff8f617c000 	C:\WINDOWS\System32\powrprof.dll
0x00007ff8f6110000 - 0x00007ff8f612b000 	C:\WINDOWS\System32\profapi.dll
0x00007ff8e8500000 - 0x00007ff8e851a000 	C:\Program Files\Android\Android Studio\jre\jre\bin\net.dll
0x00007ff8f5940000 - 0x00007ff8f59a6000 	C:\WINDOWS\system32\mswsock.dll
0x00007ff8e6f60000 - 0x00007ff8e6f71000 	C:\Program Files\Android\Android Studio\jre\jre\bin\nio.dll
0x00007ff8ed680000 - 0x00007ff8ed69e000 	C:\Users\Khoa\.gradle\native\25\windows-amd64\native-platform.dll
0x00007ff8ed590000 - 0x00007ff8ed59d000 	C:\Program Files\Android\Android Studio\jre\jre\bin\management.dll
0x00007ff8f5b00000 - 0x00007ff8f5b17000 	C:\WINDOWS\SYSTEM32\CRYPTSP.dll
0x00007ff8f5550000 - 0x00007ff8f5583000 	C:\WINDOWS\system32\rsaenh.dll
0x00007ff8f5c10000 - 0x00007ff8f5c35000 	C:\WINDOWS\SYSTEM32\bcrypt.dll
0x00007ff8f6040000 - 0x00007ff8f6069000 	C:\WINDOWS\SYSTEM32\USERENV.dll
0x00007ff8f5b20000 - 0x00007ff8f5b2b000 	C:\WINDOWS\SYSTEM32\CRYPTBASE.dll
0x00007ff8f56d0000 - 0x00007ff8f5709000 	C:\WINDOWS\SYSTEM32\IPHLPAPI.DLL
0x00007ff8f8760000 - 0x00007ff8f8768000 	C:\WINDOWS\System32\NSI.dll
0x00007ff8ef110000 - 0x00007ff8ef126000 	C:\WINDOWS\SYSTEM32\dhcpcsvc6.DLL
0x00007ff8ef790000 - 0x00007ff8ef7aa000 	C:\WINDOWS\SYSTEM32\dhcpcsvc.DLL

VM Arguments:
jvm_args: -Xmx1536m -Dfile.encoding=windows-1252 -Duser.country=US -Duser.language=en -Duser.variant 
java_command: org.gradle.launcher.daemon.bootstrap.GradleDaemon 4.4
java_class_path (initial): C:\Users\Khoa\.gradle\wrapper\dists\gradle-4.4-all\9br9xq1tocpiv8o6njlyu5op1\gradle-4.4\lib\gradle-launcher-4.4.jar
Launcher Type: SUN_STANDARD

Environment Variables:
PATH=C:\Program Files (x86)\Intel\iCLS Client\;C:\Program Files\Intel\iCLS Client\;C:\ProgramData\Oracle\Java\javapath;C:\WINDOWS\system32;C:\WINDOWS;C:\WINDOWS\System32\Wbem;C:\WINDOWS\System32\WindowsPowerShell\v1.0\;C:\Program Files\Microsoft SQL Server\110\Tools\Binn\;C:\Program Files (x86)\AMD\ATI.ACE\Core-Static;C:\Program Files\Git\cmd;C:\Program Files (x86)\Intel\OpenCL SDK\2.0\bin\x86;C:\Program Files (x86)\Intel\OpenCL SDK\2.0\bin\x64;C:\Program Files (x86)\Intel\OpenCL SDK\2.0\bin\x86;C:\Program Files (x86)\Intel\OpenCL SDK\2.0\bin\x64;C:\Program Files (x86)\Intel\OpenCL SDK\2.0\bin\x86;C:\Program Files (x86)\Intel\OpenCL SDK\2.0\bin\x64;C:\Program Files\Intel\Intel(R) Management Engine Components\DAL;C:\Program Files\Intel\Intel(R) Management Engine Components\IPT;C:\Program Files (x86)\Intel\Intel(R) Management Engine Components\DAL;C:\Program Files (x86)\Intel\Intel(R) Management Engine Components\IPT;C:\Program Files (x86)\Intel\OpenCL SDK\2.0\bin\x86;C:\Program Files (x86)\Intel\OpenCL SDK\2.0\bin\x64;C:\Users\Khoa\AppData\Local\Microsoft\WindowsApps;C:\Program Files (x86)\Android\platform-tools;
USERNAME=Khoa
OS=Windows_NT
PROCESSOR_IDENTIFIER=Intel64 Family 6 Model 58 Stepping 9, GenuineIntel



---------------  S Y S T E M  ---------------

OS: Windows 10.0 , 64 bit Build 16299 (10.0.16299.15)

CPU:total 4 (initial active 4) (2 cores per cpu, 2 threads per core) family 6 model 58 stepping 9, cmov, cx8, fxsr, mmx, sse, sse2, sse3, ssse3, sse4.1, sse4.2, popcnt, avx, aes, clmul, erms, ht, tsc, tscinvbit, tscinv

Memory: 4k page, physical 8267364k(646928k free), swap 10364516k(5060k free)

vm_info: OpenJDK 64-Bit Server VM (25.152-b02) for windows-amd64 JRE (1.8.0_152-release-1024-b02), built by "builder" with MS VC++ 10.0 (VS2010)

time: Sun Apr 15 21:28:46 2018
elapsed time: 33 seconds (0d 0h 0m 33s)

